c:\users\dp27813\documents\visual studio 2015\projects\multiplatformdesign\multiplatformdesign\debug\multiplatformdesign.pch
c:\users\dp27813\documents\visual studio 2015\projects\multiplatformdesign\multiplatformdesign\debug\vc140.pdb
c:\users\dp27813\documents\visual studio 2015\projects\multiplatformdesign\multiplatformdesign\debug\vc140.idb
c:\users\dp27813\documents\visual studio 2015\projects\multiplatformdesign\multiplatformdesign\debug\stdafx.obj
c:\users\dp27813\documents\visual studio 2015\projects\multiplatformdesign\multiplatformdesign\debug\engine.obj
c:\users\dp27813\documents\visual studio 2015\projects\multiplatformdesign\multiplatformdesign\debug\logicsimp.obj
c:\users\dp27813\documents\visual studio 2015\projects\multiplatformdesign\multiplatformdesign\debug\multiplatformdesign.obj
c:\users\dp27813\documents\visual studio 2015\projects\multiplatformdesign\debug\multiplatformdesign.ilk
c:\users\dp27813\documents\visual studio 2015\projects\multiplatformdesign\debug\multiplatformdesign.exe
c:\users\dp27813\documents\visual studio 2015\projects\multiplatformdesign\debug\multiplatformdesign.pdb
j:\tools\multiplatformdesign\multiplatformdesign\multiplatformdesign\debug\engine.obj
j:\tools\multiplatformdesign\multiplatformdesign\multiplatformdesign\debug\logicsimp.obj
j:\tools\multiplatformdesign\multiplatformdesign\multiplatformdesign\debug\multiplatformdesign.obj
j:\tools\multiplatformdesign\multiplatformdesign\multiplatformdesign\debug\stdafx.obj
j:\tools\multiplatformdesign\multiplatformdesign\multiplatformdesign\debug\multiplatformdesign.pch
j:\tools\multiplatformdesign\multiplatformdesign\multiplatformdesign\debug\vc140.idb
j:\tools\multiplatformdesign\multiplatformdesign\multiplatformdesign\debug\vc140.pdb
j:\tools\multiplatformdesign\multiplatformdesign\debug\multiplatformdesign.pdb
j:\tools\multiplatformdesign\multiplatformdesign\debug\multiplatformdesign.exe
j:\tools\multiplatformdesign\multiplatformdesign\debug\multiplatformdesign.ilk
j:\tools\multiplatformdesign\multiplatformdesign\multiplatformdesign\debug\multipla.22261d10.tlog\cl.command.1.tlog
j:\tools\multiplatformdesign\multiplatformdesign\multiplatformdesign\debug\multipla.22261d10.tlog\cl.read.1.tlog
j:\tools\multiplatformdesign\multiplatformdesign\multiplatformdesign\debug\multipla.22261d10.tlog\cl.write.1.tlog
j:\tools\multiplatformdesign\multiplatformdesign\multiplatformdesign\debug\multipla.22261d10.tlog\link.command.1.tlog
j:\tools\multiplatformdesign\multiplatformdesign\multiplatformdesign\debug\multipla.22261d10.tlog\link.read.1.tlog
j:\tools\multiplatformdesign\multiplatformdesign\multiplatformdesign\debug\multipla.22261d10.tlog\link.write.1.tlog
